<?xml version="1.0" encoding="UTF-8"?>
<!-- Generated by org.testng.reporters.JUnitXMLReporter -->
<testsuite hostname="Santoshs-MacBook-Air.local" ignored="0" name="RestAssured Test" tests="3" failures="0" timestamp="2020-06-29T20:41:24 IST" time="17.995" errors="0">
  <testcase name="postShopifyProduct" time="6.711" classname="com.san.test.PostProductAPITest"/>
  <testcase name="postShopifyProduct1" time="5.243" classname="com.san.test.PostProductAPITest"/>
  <testcase name="getShopifyProduct" time="1.05" classname="com.san.test.GetProductAPITest"/>
</testsuite> <!-- RestAssured Test -->
