<?xml version="1.0" encoding="UTF-8"?>
<testng-results skipped="0" failed="0" ignored="0" total="3" passed="3">
  <reporter-output>
  </reporter-output>
  <suite name="RestAPI Automation check" duration-ms="17995" started-at="2020-06-29T20:41:01 IST" finished-at="2020-06-29T20:41:19 IST">
    <groups>
    </groups>
    <test name="RestAssured Test" duration-ms="17995" started-at="2020-06-29T20:41:01 IST" finished-at="2020-06-29T20:41:19 IST">
      <class name="com.san.test.PostProductAPITest">
        <test-method status="PASS" signature="setUp()[pri:0, instance:com.san.test.PostProductAPITest@2f8f5f62]" name="setUp" is-config="true" duration-ms="1276" started-at="2020-06-29T20:41:01 IST" finished-at="2020-06-29T20:41:02 IST">
          <reporter-output>
          </reporter-output>
        </test-method> <!-- setUp -->
        <test-method status="PASS" signature="postShopifyProduct()[pri:0, instance:com.san.test.PostProductAPITest@2f8f5f62]" name="postShopifyProduct" duration-ms="6711" started-at="2020-06-29T20:41:02 IST" finished-at="2020-06-29T20:41:09 IST">
          <reporter-output>
          </reporter-output>
        </test-method> <!-- postShopifyProduct -->
        <test-method status="PASS" signature="postShopifyProduct1()[pri:0, instance:com.san.test.PostProductAPITest@2f8f5f62]" name="postShopifyProduct1" duration-ms="5243" started-at="2020-06-29T20:41:09 IST" finished-at="2020-06-29T20:41:14 IST">
          <reporter-output>
          </reporter-output>
        </test-method> <!-- postShopifyProduct1 -->
      </class> <!-- com.san.test.PostProductAPITest -->
      <class name="com.san.test.GetProductAPITest">
        <test-method status="PASS" signature="setUp()[pri:0, instance:com.san.test.GetProductAPITest@1068e947]" name="setUp" is-config="true" duration-ms="3629" started-at="2020-06-29T20:41:14 IST" finished-at="2020-06-29T20:41:18 IST">
          <reporter-output>
          </reporter-output>
        </test-method> <!-- setUp -->
        <test-method status="PASS" signature="getShopifyProduct()[pri:0, instance:com.san.test.GetProductAPITest@1068e947]" name="getShopifyProduct" duration-ms="1050" started-at="2020-06-29T20:41:18 IST" finished-at="2020-06-29T20:41:19 IST">
          <reporter-output>
          </reporter-output>
        </test-method> <!-- getShopifyProduct -->
      </class> <!-- com.san.test.GetProductAPITest -->
    </test> <!-- RestAssured Test -->
  </suite> <!-- RestAPI Automation check -->
</testng-results>
