<?xml version="1.0" encoding="UTF-8"?>
<testsuite xmlns:xsi="http://www.w3.org/2001/XMLSchema-instance" xsi:noNamespaceSchemaLocation="https://maven.apache.org/surefire/maven-surefire-plugin/xsd/surefire-test-report-3.0.xsd" version="3.0" name="TestSuite" time="34.099" tests="3" errors="0" skipped="0" failures="0">
  <properties>
[...]
</properties>
  <testcase name="postShopifyProduct" classname="com.san.test.PostProductAPITest" time="6.714"/>
  <testcase name="postShopifyProduct1" classname="com.san.test.PostProductAPITest" time="5.247"/>
  <testcase name="getShopifyProduct" classname="com.san.test.GetProductAPITest" time="1.072"/>
</testsuite>